<?xml version="1.0" encoding="UTF-8"?>
<testsuite xmlns:xsi="http://www.w3.org/2001/XMLSchema-instance" xsi:noNamespaceSchemaLocation="https://maven.apache.org/surefire/maven-surefire-plugin/xsd/surefire-test-report.xsd" version="3.0.2" name="com.cwc.assessment.rafifuzz.RafifuzzApplicationTests" time="22.608" tests="1" errors="0" skipped="0" failures="0">
  <properties>
[...]
</properties>
  <testcase name="contextLoads" classname="com.cwc.assessment.rafifuzz.RafifuzzApplicationTests" time="1.022">
    <system-out><![CDATA[08:36:12.424 [main] INFO org.springframework.test.context.support.AnnotationConfigContextLoaderUtils -- Could not detect default configuration classes for test class [com.cwc.assessment.rafifuzz.RafifuzzApplicationTests]: RafifuzzApplicationTests does not declare any static, non-private, non-final, nested classes annotated with @Configuration.
08:36:13.950 [main] INFO org.springframework.boot.test.context.SpringBootTestContextBootstrapper -- Found @SpringBootConfiguration com.cwc.assessment.rafifuzz.RafifuzzApplication for test class com.cwc.assessment.rafifuzz.RafifuzzApplicationTests

  .   ____          _            __ _ _
 /\\ / ___'_ __ _ _(_)_ __  __ _ \ \ \ \
( ( )\___ | '_ | '_| | '_ \/ _` | \ \ \ \
 \\/  ___)| |_)| | | | | || (_| |  ) ) ) )
  '  |____| .__|_| |_|_| |_\__, | / / / /
 =========|_|==============|___/=/_/_/_/

 :: Spring Boot ::                (v3.4.0)

2024-12-19T08:36:16.801+05:30  INFO 27172 --- [INCIDENT-SERVICE] [           main] c.c.a.rafifuzz.RafifuzzApplicationTests  : Starting RafifuzzApplicationTests using Java 17.0.10 with PID 27172 (started by ddsha in D:\Development\Java Development\December2024\Rupzz-Assessment\rafifuzz)
2024-12-19T08:36:16.805+05:30  INFO 27172 --- [INCIDENT-SERVICE] [           main] c.c.a.rafifuzz.RafifuzzApplicationTests  : The following 1 profile is active: "dev"
2024-12-19T08:36:20.028+05:30  INFO 27172 --- [INCIDENT-SERVICE] [           main] .s.d.r.c.RepositoryConfigurationDelegate : Bootstrapping Spring Data JPA repositories in DEFAULT mode.
2024-12-19T08:36:20.214+05:30  INFO 27172 --- [INCIDENT-SERVICE] [           main] .s.d.r.c.RepositoryConfigurationDelegate : Finished Spring Data repository scanning in 149 ms. Found 2 JPA repository interfaces.
2024-12-19T08:36:22.232+05:30  INFO 27172 --- [INCIDENT-SERVICE] [           main] o.hibernate.jpa.internal.util.LogHelper  : HHH000204: Processing PersistenceUnitInfo [name: default]
2024-12-19T08:36:22.409+05:30  INFO 27172 --- [INCIDENT-SERVICE] [           main] org.hibernate.Version                    : HHH000412: Hibernate ORM core version 6.6.2.Final
2024-12-19T08:36:22.496+05:30  INFO 27172 --- [INCIDENT-SERVICE] [           main] o.h.c.internal.RegionFactoryInitiator    : HHH000026: Second-level cache disabled
2024-12-19T08:36:23.896+05:30  INFO 27172 --- [INCIDENT-SERVICE] [           main] o.s.o.j.p.SpringPersistenceUnitInfo      : No LoadTimeWeaver setup: ignoring JPA class transformer
2024-12-19T08:36:23.995+05:30  INFO 27172 --- [INCIDENT-SERVICE] [           main] com.zaxxer.hikari.HikariDataSource       : incident - Starting...
2024-12-19T08:36:24.613+05:30  INFO 27172 --- [INCIDENT-SERVICE] [           main] com.zaxxer.hikari.pool.HikariPool        : incident - Added connection org.postgresql.jdbc.PgConnection@3b56947a
2024-12-19T08:36:24.619+05:30  INFO 27172 --- [INCIDENT-SERVICE] [           main] com.zaxxer.hikari.HikariDataSource       : incident - Start completed.
2024-12-19T08:36:24.721+05:30  WARN 27172 --- [INCIDENT-SERVICE] [           main] org.hibernate.orm.deprecation            : HHH90000025: PostgreSQLDialect does not need to be specified explicitly using 'hibernate.dialect' (remove the property setting and it will be selected by default)
2024-12-19T08:36:24.775+05:30  INFO 27172 --- [INCIDENT-SERVICE] [           main] org.hibernate.orm.connections.pooling    : HHH10001005: Database info:
	Database JDBC URL [Connecting through datasource 'HikariDataSource (incident)']
	Database driver: undefined/unknown
	Database version: 16.1
	Autocommit mode: undefined/unknown
	Isolation level: undefined/unknown
	Minimum pool size: undefined/unknown
	Maximum pool size: undefined/unknown
2024-12-19T08:36:27.800+05:30  INFO 27172 --- [INCIDENT-SERVICE] [           main] o.h.e.t.j.p.i.JtaPlatformInitiator       : HHH000489: No JTA platform available (set 'hibernate.transaction.jta.platform' to enable JTA platform integration)
Hibernate: 
    create table incident_tbl (
        id bigint generated by default as identity,
        details varchar(255),
        incident_id varchar(255),
        priority varchar(255) check (priority in ('HIGH','MEDIUM','LOW')),
        reported_at timestamp(6),
        status varchar(255) check (status in ('OPEN','PROGRESS','CLOSED')),
        type varchar(255) check (type in ('ENTERPRISE','GOVERNMENT')),
        user_id bigint,
        primary key (id)
    )
Hibernate: 
    create table user_tbl (
        user_id bigint generated by default as identity,
        address varchar(255),
        city varchar(255),
        country varchar(255),
        email varchar(255),
        password varchar(255),
        phone varchar(255),
        pin_code varchar(255),
        user_name varchar(255),
        primary key (user_id)
    )
Hibernate: 
    alter table if exists incident_tbl 
       drop constraint if exists UK6pju5u4kyclpfo1v6brwblfuu
2024-12-19T08:36:28.135+05:30  WARN 27172 --- [INCIDENT-SERVICE] [           main] o.h.engine.jdbc.spi.SqlExceptionHelper   : SQL Warning Code: 0, SQLState: 00000
2024-12-19T08:36:28.136+05:30  WARN 27172 --- [INCIDENT-SERVICE] [           main] o.h.engine.jdbc.spi.SqlExceptionHelper   : constraint "uk6pju5u4kyclpfo1v6brwblfuu" of relation "incident_tbl" does not exist, skipping
Hibernate: 
    alter table if exists incident_tbl 
       add constraint UK6pju5u4kyclpfo1v6brwblfuu unique (incident_id)
Hibernate: 
    alter table if exists user_tbl 
       drop constraint if exists UKi4ygcc30htflmb5xe5mjcydid
2024-12-19T08:36:28.153+05:30  WARN 27172 --- [INCIDENT-SERVICE] [           main] o.h.engine.jdbc.spi.SqlExceptionHelper   : SQL Warning Code: 0, SQLState: 00000
2024-12-19T08:36:28.154+05:30  WARN 27172 --- [INCIDENT-SERVICE] [           main] o.h.engine.jdbc.spi.SqlExceptionHelper   : constraint "uki4ygcc30htflmb5xe5mjcydid" of relation "user_tbl" does not exist, skipping
Hibernate: 
    alter table if exists user_tbl 
       add constraint UKi4ygcc30htflmb5xe5mjcydid unique (email)
2024-12-19T08:36:28.173+05:30  INFO 27172 --- [INCIDENT-SERVICE] [           main] j.LocalContainerEntityManagerFactoryBean : Initialized JPA EntityManagerFactory for persistence unit 'default'
2024-12-19T08:36:29.952+05:30  WARN 27172 --- [INCIDENT-SERVICE] [           main] JpaBaseConfiguration$JpaWebConfiguration : spring.jpa.open-in-view is enabled by default. Therefore, database queries may be performed during view rendering. Explicitly configure spring.jpa.open-in-view to disable this warning
2024-12-19T08:36:31.969+05:30  WARN 27172 --- [INCIDENT-SERVICE] [           main] .s.s.UserDetailsServiceAutoConfiguration : 

Using generated security password: f8abb567-4951-407f-8bdd-b2c13ba34c2e

This generated password is for development use only. Your security configuration must be updated before running your application in production.

2024-12-19T08:36:31.989+05:30  INFO 27172 --- [INCIDENT-SERVICE] [           main] r$InitializeUserDetailsManagerConfigurer : Global AuthenticationManager configured with UserDetailsService bean with name inMemoryUserDetailsManager
2024-12-19T08:36:32.292+05:30  INFO 27172 --- [INCIDENT-SERVICE] [           main] o.s.b.a.e.web.EndpointLinksResolver      : Exposing 1 endpoint beneath base path '/actuator'
2024-12-19T08:36:32.717+05:30  INFO 27172 --- [INCIDENT-SERVICE] [           main] c.c.a.rafifuzz.RafifuzzApplicationTests  : Started RafifuzzApplicationTests in 17.465 seconds (process running for 23.011)
]]></system-out>
  </testcase>
</testsuite>